# JRE version: OpenJDK Runtime Environment (11.0.6+10) (build 11.0.6+10-post-Ubuntu-1ubuntu118.04.1)
# Java VM: OpenJDK 64-Bit Server VM (11.0.6+10-post-Ubuntu-1ubuntu118.04.1, mixed mode, sharing, tiered, compressed oops, g1 gc, linux-amd64)
Heap:
 garbage-first heap   total 331776K, used 62953K [0x00000000c4c00000, 0x0000000100000000)
  region size 1024K, 3 young (3072K), 3 survivors (3072K)
 Metaspace       used 1432K, capacity 4668K, committed 4864K, reserved 1056768K
  class space    used 123K, capacity 427K, committed 512K, reserved 1048576K
GC Heap History (20 events):
Event: 35.875 GC heap after
{Heap after GC invocations=32 (full 0):
 garbage-first heap   total 110592K, used 54893K [0x00000000c4c00000, 0x0000000100000000)
  region size 1024K, 3 young (3072K), 3 survivors (3072K)
 Metaspace       used 1432K, capacity 4668K, committed 4864K, reserved 1056768K
  class space    used 123K, capacity 427K, committed 512K, reserved 1048576K
}
Event: 35.928 GC heap before
{Heap before GC invocations=32 (full 0):
 garbage-first heap   total 110592K, used 56941K [0x00000000c4c00000, 0x0000000100000000)
  region size 1024K, 5 young (5120K), 3 survivors (3072K)
 Metaspace       used 1432K, capacity 4668K, committed 4864K, reserved 1056768K
  class space    used 123K, capacity 427K, committed 512K, reserved 1048576K
}
Event: 35.934 GC heap after
{Heap after GC invocations=33 (full 0):
 garbage-first heap   total 110592K, used 55357K [0x00000000c4c00000, 0x0000000100000000)
  region size 1024K, 1 young (1024K), 1 survivors (1024K)
 Metaspace       used 1432K, capacity 4668K, committed 4864K, reserved 1056768K
  class space    used 123K, capacity 427K, committed 512K, reserved 1048576K
}
Event: 36.044 GC heap before
{Heap before GC invocations=33 (full 0):
 garbage-first heap   total 110592K, used 59453K [0x00000000c4c00000, 0x0000000100000000)
  region size 1024K, 5 young (5120K), 1 survivors (1024K)
 Metaspace       used 1432K, capacity 4668K, committed 4864K, reserved 1056768K
  class space    used 123K, capacity 427K, committed 512K, reserved 1048576K
}
Event: 36.048 GC heap after
{Heap after GC invocations=34 (full 0):
 garbage-first heap   total 110592K, used 55300K [0x00000000c4c00000, 0x0000000100000000)
  region size 1024K, 1 young (1024K), 1 survivors (1024K)
 Metaspace       used 1432K, capacity 4668K, committed 4864K, reserved 1056768K
  class space    used 123K, capacity 427K, committed 512K, reserved 1048576K
}
Event: 36.194 GC heap before
{Heap before GC invocations=35 (full 0):
 garbage-first heap   total 110592K, used 59396K [0x00000000c4c00000, 0x0000000100000000)
  region size 1024K, 5 young (5120K), 1 survivors (1024K)
 Metaspace       used 1432K, capacity 4668K, committed 4864K, reserved 1056768K
  class space    used 123K, capacity 427K, committed 512K, reserved 1048576K
}
Event: 36.196 GC heap after
{Heap after GC invocations=36 (full 0):
 garbage-first heap   total 110592K, used 55560K [0x00000000c4c00000, 0x0000000100000000)
  region size 1024K, 1 young (1024K), 1 survivors (1024K)
 Metaspace       used 1432K, capacity 4668K, committed 4864K, reserved 1056768K
  class space    used 123K, capacity 427K, committed 512K, reserved 1048576K
}
Event: 36.296 GC heap before
{Heap before GC invocations=36 (full 0):
 garbage-first heap   total 110592K, used 59656K [0x00000000c4c00000, 0x0000000100000000)
  region size 1024K, 5 young (5120K), 1 survivors (1024K)
 Metaspace       used 1432K, capacity 4668K, committed 4864K, reserved 1056768K
  class space    used 123K, capacity 427K, committed 512K, reserved 1048576K
}
Event: 36.300 GC heap after
{Heap after GC invocations=37 (full 0):
 garbage-first heap   total 110592K, used 55816K [0x00000000c4c00000, 0x0000000100000000)
  region size 1024K, 1 young (1024K), 1 survivors (1024K)
 Metaspace       used 1432K, capacity 4668K, committed 4864K, reserved 1056768K
  class space    used 123K, capacity 427K, committed 512K, reserved 1048576K
}
Event: 36.392 GC heap before
{Heap before GC invocations=37 (full 0):
 garbage-first heap   total 110592K, used 59912K [0x00000000c4c00000, 0x0000000100000000)
  region size 1024K, 5 young (5120K), 1 survivors (1024K)
 Metaspace       used 1432K, capacity 4668K, committed 4864K, reserved 1056768K
  class space    used 123K, capacity 427K, committed 512K, reserved 1048576K
}
Event: 36.396 GC heap after
{Heap after GC invocations=38 (full 0):
 garbage-first heap   total 110592K, used 56102K [0x00000000c4c00000, 0x0000000100000000)
  region size 1024K, 1 young (1024K), 1 survivors (1024K)
 Metaspace       used 1432K, capacity 4668K, committed 4864K, reserved 1056768K
  class space    used 123K, capacity 427K, committed 512K, reserved 1048576K
}
Event: 36.920 GC heap before
{Heap before GC invocations=39 (full 0):
 garbage-first heap   total 110592K, used 75558K [0x00000000c4c00000, 0x0000000100000000)
  region size 1024K, 20 young (20480K), 1 survivors (1024K)
 Metaspace       used 1432K, capacity 4668K, committed 4864K, reserved 1056768K
  class space    used 123K, capacity 427K, committed 512K, reserved 1048576K
}
Event: 36.928 GC heap after
{Heap after GC invocations=40 (full 0):
 garbage-first heap   total 110592K, used 57163K [0x00000000c4c00000, 0x0000000100000000)
  region size 1024K, 2 young (2048K), 2 survivors (2048K)
 Metaspace       used 1432K, capacity 4668K, committed 4864K, reserved 1056768K
  class space    used 123K, capacity 427K, committed 512K, reserved 1048576K
}
Event: 37.368 GC heap before
{Heap before GC invocations=40 (full 0):
 garbage-first heap   total 110592K, used 77643K [0x00000000c4c00000, 0x0000000100000000)
  region size 1024K, 22 young (22528K), 2 survivors (2048K)
 Metaspace       used 1432K, capacity 4668K, committed 4864K, reserved 1056768K
  class space    used 123K, capacity 427K, committed 512K, reserved 1048576K
}
Event: 37.379 GC heap after
{Heap after GC invocations=41 (full 0):
 garbage-first heap   total 110592K, used 58611K [0x00000000c4c00000, 0x0000000100000000)
  region size 1024K, 3 young (3072K), 3 survivors (3072K)
 Metaspace       used 1432K, capacity 4668K, committed 4864K, reserved 1056768K
  class space    used 123K, capacity 427K, committed 512K, reserved 1048576K
}
Event: 38.747 GC heap before
{Heap before GC invocations=42 (full 0):
 garbage-first heap   total 110592K, used 80115K [0x00000000c4c00000, 0x0000000100000000)
  region size 1024K, 24 young (24576K), 3 survivors (3072K)
 Metaspace       used 1432K, capacity 4668K, committed 4864K, reserved 1056768K
  class space    used 123K, capacity 427K, committed 512K, reserved 1048576K
}
Event: 38.759 GC heap after
{Heap after GC invocations=43 (full 0):
 garbage-first heap   total 110592K, used 59960K [0x00000000c4c00000, 0x0000000100000000)
  region size 1024K, 3 young (3072K), 3 survivors (3072K)
 Metaspace       used 1432K, capacity 4668K, committed 4864K, reserved 1056768K
  class space    used 123K, capacity 427K, committed 512K, reserved 1048576K
}
Event: 39.652 GC heap before
{Heap before GC invocations=43 (full 0):
 garbage-first heap   total 110592K, used 81464K [0x00000000c4c00000, 0x0000000100000000)
  region size 1024K, 24 young (24576K), 3 survivors (3072K)
 Metaspace       used 1432K, capacity 4668K, committed 4864K, reserved 1056768K
  class space    used 123K, capacity 427K, committed 512K, reserved 1048576K
}
Event: 39.663 GC heap after
{Heap after GC invocations=44 (full 0):
 garbage-first heap   total 110592K, used 61280K [0x00000000c4c00000, 0x0000000100000000)
  region size 1024K, 3 young (3072K), 3 survivors (3072K)
 Metaspace       used 1432K, capacity 4668K, committed 4864K, reserved 1056768K
  class space    used 123K, capacity 427K, committed 512K, reserved 1048576K
}
Event: 42.504 GC heap before
{Heap before GC invocations=45 (full 0):
 garbage-first heap   total 110592K, used 83808K [0x00000000c4c00000, 0x0000000100000000)
  region size 1024K, 25 young (25600K), 3 survivors (3072K)
 Metaspace       used 1432K, capacity 4668K, committed 4864K, reserved 1056768K
  class space    used 123K, capacity 427K, committed 512K, reserved 1048576K
}

